0 info it worked if it ends with ok
1 verbose cli [ 'C:\\Program Files (x86)\\nodejs\\node.exe',
1 verbose cli   'C:\\Program Files (x86)\\nodejs\\node_modules\\npm\\bin\\npm-cli.js',
1 verbose cli   'run',
1 verbose cli   'lint' ]
2 info using npm@3.10.10
3 info using node@v6.11.4
4 verbose run-script [ 'prelint', 'lint', 'postlint' ]
5 info lifecycle expressjs-rest-api@1.0.0~prelint: expressjs-rest-api@1.0.0
6 silly lifecycle expressjs-rest-api@1.0.0~prelint: no script for prelint, continuing
7 info lifecycle expressjs-rest-api@1.0.0~lint: expressjs-rest-api@1.0.0
8 verbose lifecycle expressjs-rest-api@1.0.0~lint: unsafe-perm in lifecycle true
9 verbose lifecycle expressjs-rest-api@1.0.0~lint: PATH: C:\Program Files (x86)\nodejs\node_modules\npm\bin\node-gyp-bin;E:\wamp\pluralsight\node.js\expressjs-rest-api\node_modules\.bin;C:\Users\Admin\bin;C:\Program Files\Git\mingw64\bin;C:\Program Files\Git\usr\local\bin;C:\Program Files\Git\usr\bin;C:\Program Files\Git\usr\bin;C:\Program Files\Git\mingw64\bin;C:\Program Files\Git\usr\bin;C:\Users\Admin\bin;C:\Windows\system32;C:\Windows;C:\Windows\System32\Wbem;C:\Windows\System32\WindowsPowerShell\v1.0;C:\Program Files (x86)\nodejs;C:\Program Files\Git\cmd;C:\Program Files\Git\mingw64\bin;C:\Program Files\Git\usr\bin;C:\Users\Admin\AppData\Roaming\npm;C:\Program Files\Heroku\bin;C:\Program Files\Git\usr\bin\vendor_perl;C:\Program Files\Git\usr\bin\core_perl
10 verbose lifecycle expressjs-rest-api@1.0.0~lint: CWD: E:\wamp\pluralsight\node.js\expressjs-rest-api
11 silly lifecycle expressjs-rest-api@1.0.0~lint: Args: [ '/d /s /c', 'xo --fix' ]
12 silly lifecycle expressjs-rest-api@1.0.0~lint: Returned: code: 1  signal: null
13 info lifecycle expressjs-rest-api@1.0.0~lint: Failed to exec lint script
14 verbose stack Error: expressjs-rest-api@1.0.0 lint: `xo --fix`
14 verbose stack Exit status 1
14 verbose stack     at EventEmitter.<anonymous> (C:\Program Files (x86)\nodejs\node_modules\npm\lib\utils\lifecycle.js:255:16)
14 verbose stack     at emitTwo (events.js:106:13)
14 verbose stack     at EventEmitter.emit (events.js:191:7)
14 verbose stack     at ChildProcess.<anonymous> (C:\Program Files (x86)\nodejs\node_modules\npm\lib\utils\spawn.js:40:14)
14 verbose stack     at emitTwo (events.js:106:13)
14 verbose stack     at ChildProcess.emit (events.js:191:7)
14 verbose stack     at maybeClose (internal/child_process.js:920:16)
14 verbose stack     at Process.ChildProcess._handle.onexit (internal/child_process.js:230:5)
15 verbose pkgid expressjs-rest-api@1.0.0
16 verbose cwd E:\wamp\pluralsight\node.js\expressjs-rest-api
17 error Windows_NT 6.1.7600
18 error argv "C:\\Program Files (x86)\\nodejs\\node.exe" "C:\\Program Files (x86)\\nodejs\\node_modules\\npm\\bin\\npm-cli.js" "run" "lint"
19 error node v6.11.4
20 error npm  v3.10.10
21 error code ELIFECYCLE
22 error expressjs-rest-api@1.0.0 lint: `xo --fix`
22 error Exit status 1
23 error Failed at the expressjs-rest-api@1.0.0 lint script 'xo --fix'.
23 error Make sure you have the latest version of node.js and npm installed.
23 error If you do, this is most likely a problem with the expressjs-rest-api package,
23 error not with npm itself.
23 error Tell the author that this fails on your system:
23 error     xo --fix
23 error You can get information on how to open an issue for this project with:
23 error     npm bugs expressjs-rest-api
23 error Or if that isn't available, you can get their info via:
23 error     npm owner ls expressjs-rest-api
23 error There is likely additional logging output above.
24 verbose exit [ 1, true ]
